acmorlis.msg is missing messages: 303, 305, 302, 304, 300
aichest.msg is missing messages: 106, 105
bcjones.msg is missing messages: 161
cardesrt.msg not found in the test directory.
ccchris.msg is missing messages: 233
ccdrgrd.msg is missing messages: 200, 201
ccgguard.msg is missing messages: 300
ccgrdpa.msg is missing messages: 312, 310, 304, 322, 316, 323, 329, 315, 300, 301, 325, 320, 321, 327, 303, 326, 302, 311, 324, 328
ccxarn.msg is missing messages: 900, 901
containr.msg is missing messages: 621, 601, 620, 611, 610
cstouch.msg is missing messages: 121, 155, 151, 205, 196, 106, 142, 210, 113, 108, 212, 159, 601, 110, 194, 129, 204, 119, 195, 161, 112, 143, 400, 134, 208, 115, 101, 166, 165, 169, 149, 620, 140, 139, 105, 198, 152, 158, 127, 150, 107, 164, 126, 193, 138, 132, 125, 202, 116, 206, 201, 136, 160, 209, 163, 146, 141, 124, 130, 156, 122, 168, 133, 153, 114, 610, 154, 111, 144, 120, 103, 118, 131, 128, 611, 162, 147, 135, 145, 102, 200, 104, 167, 207, 109, 621, 117, 211, 137, 100, 157, 199, 148, 123
dcanna.msg is missing messages: 551
dcbilly.msg is missing messages: 521
dcfranki.msg is missing messages: 420
dcg1grd.msg is missing messages: 151
dcrebecc.msg is missing messages: 413
door.msg is missing messages: 621, 601, 620, 611, 610
ecbandit.msg is missing messages: 204
ecbhuntr.msg is missing messages: 108
ecbrahmn.msg not found in the test directory.
ecdogmet.msg is missing messages: 300, 301
ecfrmkid.msg is missing messages: 200, 202, 201
echlyppl.msg is missing messages: 106, 105
echomkid.msg is missing messages: 200, 202, 201
echomwfe.msg is missing messages: 208, 205, 207, 203, 220, 202, 206, 201, 204, 209, 210, 200
ecmststr.msg is missing messages: 104, 103, 105, 102
ectravlr.msg is missing messages: 147, 148, 149, 150
fcdaveh.msg is missing messages: 201
fclopan.msg is missing messages: 178
fcrocman.msg is missing messages: 300
fcronmey.msg is missing messages: 155, 156
fselcomp.msg is missing messages: 251, 250, 252
gcbrain.msg is missing messages: 701, 187, 611, 702, 703
gcgordon.msg is missing messages: 303, 304, 305
gcjerem.msg is missing messages: 300
gcwooz.msg is missing messages: 725, 728, 724, 715, 720, 732, 723, 731, 716, 721, 730, 726, 729, 717, 722, 719, 727, 718
giwell.msg not found in the test directory.
hcchad.msg is missing messages: 150, 147, 146, 144, 145
hcenchb.msg is missing messages: 120, 124, 121, 125, 122, 123
hclumpy.msg is missing messages: 201
kcaldo.msg is missing messages: 920, 922, 921
kcmaida.msg is missing messages: 512, 511
kcslim.msg is missing messages: 406
kcsulik.msg is missing messages: 481
kctorr.msg is missing messages: 144
ksbboard.msg is missing messages: 190
kstill.msg is missing messages: 102, 103, 150
mbase12.msg not found in the test directory.
mcatkdog.msg is missing messages: 300
mcbaltha.msg is missing messages: 240
mcdavin.msg is missing messages: 405
mcjo.msg is missing messages: 612
mcmiria.msg is missing messages: 470, 420, 270, 280
modmain.msg is missing messages: 501
nccorbro.msg is missing messages: 558
nceldrid.msg is missing messages: 802, 801
nclabish.msg is missing messages: 535
nclloyd.msg is missing messages: 236
ncmcgee.msg is missing messages: 319, 320, 321
ncmyrgrd.msg is missing messages: 480, 479
ncnikki.msg is missing messages: 000
ncprzftr.msg is missing messages: 203, 222, 220, 223, 202, 224, 201, 211, 221, 210, 200
ncrent.msg not found in the test directory.
nctray.msg is missing messages: 814
nctyson.msg is missing messages: 154
ncwillie.msg is missing messages: 701, 700, 702
nhmyron.msg is missing messages: 500
niwristi.msg is missing messages: 300
ntcar1.msg is missing messages: 111, 110
ntcar2.msg is missing messages: 101
patchinf.msg not found in the test directory.
qhprzrch.msg is missing messages: 338
qiturtrm.msg is missing messages: 267, 268, 265, 264, 266
rcbette.msg is missing messages: 181
rccamint.msg is missing messages: 181
rcdrjohn.msg is missing messages: 329
rcfannie.msg is missing messages: 192, 188, 186, 187, 191, 189, 190, 193, 200
rcfern.msg is missing messages: 123
rclou.msg is missing messages: 233, 231, 300, 234, 301, 232, 230, 229
rcmarion.msg is missing messages: 302, 287
rcnord.msg is missing messages: 123
rcvelani.msg is missing messages: 123
reddown.msg not found in the test directory.
sccgtgrd.msg is missing messages: 113
scdrvpay.msg not found in the test directory.
scduppo.msg is missing messages: 156
scdusty.msg is missing messages: 131
scgunthr.msg is missing messages: 179, 510, 178, 177
schal.msg is missing messages: 118
sckarl.msg is missing messages: 153, 154
scvortis.msg is missing messages: 177
scwestin.msg is missing messages: 175
sfchina.msg not found in the test directory.
sfdock.msg not found in the test directory.
shtandi.msg is missing messages: 401, 410, 411, 400
sscrpdor.msg is missing messages: 120, 121
sssign.msg is missing messages: 130
v15ent.msg not found in the test directory.
vcandy.msg is missing messages: 351, 350, 352
vccasidy.msg is missing messages: 372
vccrtgrd.msg is missing messages: 116, 114, 115, 117
vcdrtroy.msg is missing messages: 399
vcmclure.msg is missing messages: 345, 344
virocks.msg is missing messages: 111, 110
vishft2b.msg is missing messages: 112
viwell.msg not found in the test directory.
wcbrnbot.msg is missing messages: 207
wsterm2a.msg is missing messages: 311, 310, 309, 308
wsterm2b.msg is missing messages: 400, 300
wsterm4b.msg is missing messages: 155, 154
zccorpse.msg not found in the test directory.
zcslave.msg not found in the test directory.
zsdrvcar.msg is missing messages: 220, 230, 250
